[0.956s] Invoking command in '/home/priyanshu/ros2_ws_pri/src/tb3_custom_world': PYTHONPATH=/home/priyanshu/ros2_ws_pri/build/tb3_custom_world/prefix_override:/usr/lib/python3/dist-packages/colcon_core/task/python/colcon_distutils_commands:/home/priyanshu/ros2_ws_pri/install/tb3_custom_world/lib/python3.10/site-packages:${PYTHONPATH} /usr/bin/python3 -W ignore:setup.py install is deprecated -W ignore:easy_install command is deprecated setup.py egg_info --egg-base ../../build/tb3_custom_world build --build-base /home/priyanshu/ros2_ws_pri/build/tb3_custom_world/build install --record /home/priyanshu/ros2_ws_pri/build/tb3_custom_world/install.log --single-version-externally-managed install_data
[1.204s] running egg_info
[1.205s] writing ../../build/tb3_custom_world/tb3_custom_world.egg-info/PKG-INFO
[1.205s] writing dependency_links to ../../build/tb3_custom_world/tb3_custom_world.egg-info/dependency_links.txt
[1.205s] writing entry points to ../../build/tb3_custom_world/tb3_custom_world.egg-info/entry_points.txt
[1.205s] writing requirements to ../../build/tb3_custom_world/tb3_custom_world.egg-info/requires.txt
[1.205s] writing top-level names to ../../build/tb3_custom_world/tb3_custom_world.egg-info/top_level.txt
[1.207s] reading manifest file '../../build/tb3_custom_world/tb3_custom_world.egg-info/SOURCES.txt'
[1.207s] writing manifest file '../../build/tb3_custom_world/tb3_custom_world.egg-info/SOURCES.txt'
[1.208s] running build
[1.208s] running build_py
[1.208s] running install
[1.208s] running install_lib
[1.209s] running install_data
[1.209s] running install_egg_info
[1.211s] removing '/home/priyanshu/ros2_ws_pri/install/tb3_custom_world/lib/python3.10/site-packages/tb3_custom_world-0.0.0-py3.10.egg-info' (and everything under it)
[1.211s] Copying ../../build/tb3_custom_world/tb3_custom_world.egg-info to /home/priyanshu/ros2_ws_pri/install/tb3_custom_world/lib/python3.10/site-packages/tb3_custom_world-0.0.0-py3.10.egg-info
[1.212s] running install_scripts
[1.234s] writing list of installed files to '/home/priyanshu/ros2_ws_pri/build/tb3_custom_world/install.log'
[1.274s] Invoked command in '/home/priyanshu/ros2_ws_pri/src/tb3_custom_world' returned '0': PYTHONPATH=/home/priyanshu/ros2_ws_pri/build/tb3_custom_world/prefix_override:/usr/lib/python3/dist-packages/colcon_core/task/python/colcon_distutils_commands:/home/priyanshu/ros2_ws_pri/install/tb3_custom_world/lib/python3.10/site-packages:${PYTHONPATH} /usr/bin/python3 -W ignore:setup.py install is deprecated -W ignore:easy_install command is deprecated setup.py egg_info --egg-base ../../build/tb3_custom_world build --build-base /home/priyanshu/ros2_ws_pri/build/tb3_custom_world/build install --record /home/priyanshu/ros2_ws_pri/build/tb3_custom_world/install.log --single-version-externally-managed install_data
