[0.132s] DEBUG:colcon:Command line arguments: ['/usr/bin/colcon', 'build']
[0.132s] DEBUG:colcon:Parsed command line arguments: Namespace(log_base=None, log_level=None, verb_name='build', build_base='build', install_base='install', merge_install=False, symlink_install=False, test_result_base=None, continue_on_error=False, executor='parallel', parallel_workers=12, event_handlers=None, ignore_user_meta=False, metas=['./colcon.meta'], base_paths=['.'], packages_ignore=None, packages_ignore_regex=None, paths=None, packages_up_to=None, packages_up_to_regex=None, packages_above=None, packages_above_and_dependencies=None, packages_above_depth=None, packages_select_by_dep=None, packages_skip_by_dep=None, packages_skip_up_to=None, packages_select_build_failed=False, packages_skip_build_finished=False, packages_select_test_failures=False, packages_skip_test_passed=False, packages_select=None, packages_skip=None, packages_select_regex=None, packages_skip_regex=None, packages_start=None, packages_end=None, allow_overriding=[], cmake_args=None, cmake_target=None, cmake_target_skip_unavailable=False, cmake_clean_cache=False, cmake_clean_first=False, cmake_force_configure=False, ament_cmake_args=None, catkin_cmake_args=None, catkin_skip_building_tests=False, mixin_files=None, mixin=None, verb_parser=<colcon_mixin.mixin.mixin_argument.MixinArgumentDecorator object at 0x7def2fe48d30>, verb_extension=<colcon_core.verb.build.BuildVerb object at 0x7def2ff9dd20>, main=<bound method BuildVerb.main of <colcon_core.verb.build.BuildVerb object at 0x7def2ff9dd20>>, mixin_verb=('build',))
[0.294s] Level 1:colcon.colcon_core.package_discovery:discover_packages(colcon_meta) check parameters
[0.294s] Level 1:colcon.colcon_core.package_discovery:discover_packages(recursive) check parameters
[0.294s] Level 1:colcon.colcon_core.package_discovery:discover_packages(ignore) check parameters
[0.294s] Level 1:colcon.colcon_core.package_discovery:discover_packages(path) check parameters
[0.294s] Level 1:colcon.colcon_core.package_discovery:discover_packages(colcon_meta) discover
[0.294s] Level 1:colcon.colcon_core.package_discovery:discover_packages(recursive) discover
[0.294s] INFO:colcon.colcon_core.package_discovery:Crawling recursively for packages in '/home/priyanshu/ros2_ws_pri'
[0.295s] Level 1:colcon.colcon_core.package_identification:_identify(.) by extensions ['ignore', 'ignore_ament_install']
[0.295s] Level 1:colcon.colcon_core.package_identification:_identify(.) by extension 'ignore'
[0.295s] Level 1:colcon.colcon_core.package_identification:_identify(.) by extension 'ignore_ament_install'
[0.295s] Level 1:colcon.colcon_core.package_identification:_identify(.) by extensions ['colcon_pkg']
[0.295s] Level 1:colcon.colcon_core.package_identification:_identify(.) by extension 'colcon_pkg'
[0.295s] Level 1:colcon.colcon_core.package_identification:_identify(.) by extensions ['colcon_meta']
[0.295s] Level 1:colcon.colcon_core.package_identification:_identify(.) by extension 'colcon_meta'
[0.295s] Level 1:colcon.colcon_core.package_identification:_identify(.) by extensions ['ros']
[0.295s] Level 1:colcon.colcon_core.package_identification:_identify(.) by extension 'ros'
[0.316s] Level 1:colcon.colcon_core.package_identification:_identify(.) by extensions ['cmake', 'python']
[0.317s] Level 1:colcon.colcon_core.package_identification:_identify(.) by extension 'cmake'
[0.317s] Level 1:colcon.colcon_core.package_identification:_identify(.) by extension 'python'
[0.317s] Level 1:colcon.colcon_core.package_identification:_identify(.) by extensions ['python_setup_py']
[0.317s] Level 1:colcon.colcon_core.package_identification:_identify(.) by extension 'python_setup_py'
[0.317s] Level 1:colcon.colcon_core.package_identification:_identify(build) by extensions ['ignore', 'ignore_ament_install']
[0.317s] Level 1:colcon.colcon_core.package_identification:_identify(build) by extension 'ignore'
[0.317s] Level 1:colcon.colcon_core.package_identification:_identify(build) ignored
[0.317s] Level 1:colcon.colcon_core.package_identification:_identify(install) by extensions ['ignore', 'ignore_ament_install']
[0.317s] Level 1:colcon.colcon_core.package_identification:_identify(install) by extension 'ignore'
[0.317s] Level 1:colcon.colcon_core.package_identification:_identify(install) ignored
[0.317s] Level 1:colcon.colcon_core.package_identification:_identify(log) by extensions ['ignore', 'ignore_ament_install']
[0.317s] Level 1:colcon.colcon_core.package_identification:_identify(log) by extension 'ignore'
[0.317s] Level 1:colcon.colcon_core.package_identification:_identify(log) ignored
[0.317s] Level 1:colcon.colcon_core.package_identification:_identify(src) by extensions ['ignore', 'ignore_ament_install']
[0.317s] Level 1:colcon.colcon_core.package_identification:_identify(src) by extension 'ignore'
[0.318s] Level 1:colcon.colcon_core.package_identification:_identify(src) by extension 'ignore_ament_install'
[0.318s] Level 1:colcon.colcon_core.package_identification:_identify(src) by extensions ['colcon_pkg']
[0.318s] Level 1:colcon.colcon_core.package_identification:_identify(src) by extension 'colcon_pkg'
[0.318s] Level 1:colcon.colcon_core.package_identification:_identify(src) by extensions ['colcon_meta']
[0.318s] Level 1:colcon.colcon_core.package_identification:_identify(src) by extension 'colcon_meta'
[0.318s] Level 1:colcon.colcon_core.package_identification:_identify(src) by extensions ['ros']
[0.318s] Level 1:colcon.colcon_core.package_identification:_identify(src) by extension 'ros'
[0.318s] Level 1:colcon.colcon_core.package_identification:_identify(src) by extensions ['cmake', 'python']
[0.318s] Level 1:colcon.colcon_core.package_identification:_identify(src) by extension 'cmake'
[0.318s] Level 1:colcon.colcon_core.package_identification:_identify(src) by extension 'python'
[0.318s] Level 1:colcon.colcon_core.package_identification:_identify(src) by extensions ['python_setup_py']
[0.318s] Level 1:colcon.colcon_core.package_identification:_identify(src) by extension 'python_setup_py'
[0.318s] Level 1:colcon.colcon_core.package_identification:_identify(src/color_navigation) by extensions ['ignore', 'ignore_ament_install']
[0.318s] Level 1:colcon.colcon_core.package_identification:_identify(src/color_navigation) by extension 'ignore'
[0.318s] Level 1:colcon.colcon_core.package_identification:_identify(src/color_navigation) by extension 'ignore_ament_install'
[0.318s] Level 1:colcon.colcon_core.package_identification:_identify(src/color_navigation) by extensions ['colcon_pkg']
[0.318s] Level 1:colcon.colcon_core.package_identification:_identify(src/color_navigation) by extension 'colcon_pkg'
[0.318s] Level 1:colcon.colcon_core.package_identification:_identify(src/color_navigation) by extensions ['colcon_meta']
[0.318s] Level 1:colcon.colcon_core.package_identification:_identify(src/color_navigation) by extension 'colcon_meta'
[0.318s] Level 1:colcon.colcon_core.package_identification:_identify(src/color_navigation) by extensions ['ros']
[0.318s] Level 1:colcon.colcon_core.package_identification:_identify(src/color_navigation) by extension 'ros'
[0.321s] DEBUG:colcon.colcon_core.package_identification:Package 'src/color_navigation' with type 'ros.ament_python' and name 'color_navigation'
[0.321s] Level 1:colcon.colcon_core.package_identification:_identify(src/tb3_custom_world) by extensions ['ignore', 'ignore_ament_install']
[0.321s] Level 1:colcon.colcon_core.package_identification:_identify(src/tb3_custom_world) by extension 'ignore'
[0.321s] Level 1:colcon.colcon_core.package_identification:_identify(src/tb3_custom_world) by extension 'ignore_ament_install'
[0.321s] Level 1:colcon.colcon_core.package_identification:_identify(src/tb3_custom_world) by extensions ['colcon_pkg']
[0.321s] Level 1:colcon.colcon_core.package_identification:_identify(src/tb3_custom_world) by extension 'colcon_pkg'
[0.321s] Level 1:colcon.colcon_core.package_identification:_identify(src/tb3_custom_world) by extensions ['colcon_meta']
[0.321s] Level 1:colcon.colcon_core.package_identification:_identify(src/tb3_custom_world) by extension 'colcon_meta'
[0.321s] Level 1:colcon.colcon_core.package_identification:_identify(src/tb3_custom_world) by extensions ['ros']
[0.321s] Level 1:colcon.colcon_core.package_identification:_identify(src/tb3_custom_world) by extension 'ros'
[0.322s] DEBUG:colcon.colcon_core.package_identification:Package 'src/tb3_custom_world' with type 'ros.ament_python' and name 'tb3_custom_world'
[0.322s] Level 1:colcon.colcon_core.package_discovery:discover_packages(recursive) using defaults
[0.322s] Level 1:colcon.colcon_core.package_discovery:discover_packages(ignore) discover
[0.322s] Level 1:colcon.colcon_core.package_discovery:discover_packages(ignore) using defaults
[0.322s] Level 1:colcon.colcon_core.package_discovery:discover_packages(path) discover
[0.322s] Level 1:colcon.colcon_core.package_discovery:discover_packages(path) using defaults
[0.339s] Level 1:colcon.colcon_core.package_discovery:discover_packages(prefix_path) check parameters
[0.339s] Level 1:colcon.colcon_core.package_discovery:discover_packages(prefix_path) discover
[0.343s] DEBUG:colcon.colcon_installed_package_information.package_discovery:Found 1 installed packages in /home/priyanshu/ros2_ws_pri/install
[0.344s] DEBUG:colcon.colcon_installed_package_information.package_discovery:Found 0 installed packages in /home/priyanshu/ros2_slam_ws/install
[0.344s] DEBUG:colcon.colcon_installed_package_information.package_discovery:Found 18 installed packages in /home/priyanshu/ros2_ws_priyanshu/install
[0.347s] DEBUG:colcon.colcon_installed_package_information.package_discovery:Found 556 installed packages in /opt/ros/humble
[0.350s] Level 1:colcon.colcon_core.package_discovery:discover_packages(prefix_path) using defaults
[0.415s] Level 5:colcon.colcon_core.verb:set package 'color_navigation' build argument 'cmake_args' from command line to 'None'
[0.416s] Level 5:colcon.colcon_core.verb:set package 'color_navigation' build argument 'cmake_target' from command line to 'None'
[0.416s] Level 5:colcon.colcon_core.verb:set package 'color_navigation' build argument 'cmake_target_skip_unavailable' from command line to 'False'
[0.416s] Level 5:colcon.colcon_core.verb:set package 'color_navigation' build argument 'cmake_clean_cache' from command line to 'False'
[0.416s] Level 5:colcon.colcon_core.verb:set package 'color_navigation' build argument 'cmake_clean_first' from command line to 'False'
[0.416s] Level 5:colcon.colcon_core.verb:set package 'color_navigation' build argument 'cmake_force_configure' from command line to 'False'
[0.416s] Level 5:colcon.colcon_core.verb:set package 'color_navigation' build argument 'ament_cmake_args' from command line to 'None'
[0.416s] Level 5:colcon.colcon_core.verb:set package 'color_navigation' build argument 'catkin_cmake_args' from command line to 'None'
[0.416s] Level 5:colcon.colcon_core.verb:set package 'color_navigation' build argument 'catkin_skip_building_tests' from command line to 'False'
[0.416s] DEBUG:colcon.colcon_core.verb:Building package 'color_navigation' with the following arguments: {'ament_cmake_args': None, 'build_base': '/home/priyanshu/ros2_ws_pri/build/color_navigation', 'catkin_cmake_args': None, 'catkin_skip_building_tests': False, 'cmake_args': None, 'cmake_clean_cache': False, 'cmake_clean_first': False, 'cmake_force_configure': False, 'cmake_target': None, 'cmake_target_skip_unavailable': False, 'install_base': '/home/priyanshu/ros2_ws_pri/install/color_navigation', 'merge_install': False, 'path': '/home/priyanshu/ros2_ws_pri/src/color_navigation', 'symlink_install': False, 'test_result_base': None}
[0.416s] Level 5:colcon.colcon_core.verb:set package 'tb3_custom_world' build argument 'cmake_args' from command line to 'None'
[0.416s] Level 5:colcon.colcon_core.verb:set package 'tb3_custom_world' build argument 'cmake_target' from command line to 'None'
[0.416s] Level 5:colcon.colcon_core.verb:set package 'tb3_custom_world' build argument 'cmake_target_skip_unavailable' from command line to 'False'
[0.416s] Level 5:colcon.colcon_core.verb:set package 'tb3_custom_world' build argument 'cmake_clean_cache' from command line to 'False'
[0.416s] Level 5:colcon.colcon_core.verb:set package 'tb3_custom_world' build argument 'cmake_clean_first' from command line to 'False'
[0.416s] Level 5:colcon.colcon_core.verb:set package 'tb3_custom_world' build argument 'cmake_force_configure' from command line to 'False'
[0.416s] Level 5:colcon.colcon_core.verb:set package 'tb3_custom_world' build argument 'ament_cmake_args' from command line to 'None'
[0.416s] Level 5:colcon.colcon_core.verb:set package 'tb3_custom_world' build argument 'catkin_cmake_args' from command line to 'None'
[0.416s] Level 5:colcon.colcon_core.verb:set package 'tb3_custom_world' build argument 'catkin_skip_building_tests' from command line to 'False'
[0.416s] DEBUG:colcon.colcon_core.verb:Building package 'tb3_custom_world' with the following arguments: {'ament_cmake_args': None, 'build_base': '/home/priyanshu/ros2_ws_pri/build/tb3_custom_world', 'catkin_cmake_args': None, 'catkin_skip_building_tests': False, 'cmake_args': None, 'cmake_clean_cache': False, 'cmake_clean_first': False, 'cmake_force_configure': False, 'cmake_target': None, 'cmake_target_skip_unavailable': False, 'install_base': '/home/priyanshu/ros2_ws_pri/install/tb3_custom_world', 'merge_install': False, 'path': '/home/priyanshu/ros2_ws_pri/src/tb3_custom_world', 'symlink_install': False, 'test_result_base': None}
[0.416s] INFO:colcon.colcon_core.executor:Executing jobs using 'parallel' executor
[0.417s] DEBUG:colcon.colcon_parallel_executor.executor.parallel:run_until_complete
[0.417s] INFO:colcon.colcon_ros.task.ament_python.build:Building ROS package in '/home/priyanshu/ros2_ws_pri/src/color_navigation' with build type 'ament_python'
[0.418s] Level 1:colcon.colcon_core.shell:create_environment_hook('color_navigation', 'ament_prefix_path')
[0.421s] INFO:colcon.colcon_core.plugin_system:Skipping extension 'colcon_core.shell.bat': Not used on non-Windows systems
[0.421s] INFO:colcon.colcon_core.shell:Creating environment hook '/home/priyanshu/ros2_ws_pri/install/color_navigation/share/color_navigation/hook/ament_prefix_path.ps1'
[0.422s] INFO:colcon.colcon_core.shell:Creating environment descriptor '/home/priyanshu/ros2_ws_pri/install/color_navigation/share/color_navigation/hook/ament_prefix_path.dsv'
[0.422s] INFO:colcon.colcon_core.shell:Creating environment hook '/home/priyanshu/ros2_ws_pri/install/color_navigation/share/color_navigation/hook/ament_prefix_path.sh'
[0.423s] INFO:colcon.colcon_core.shell:Skip shell extension 'powershell' for command environment: Not usable outside of PowerShell
[0.423s] DEBUG:colcon.colcon_core.shell:Skip shell extension 'dsv' for command environment
[0.429s] INFO:colcon.colcon_ros.task.ament_python.build:Building ROS package in '/home/priyanshu/ros2_ws_pri/src/tb3_custom_world' with build type 'ament_python'
[0.429s] Level 1:colcon.colcon_core.shell:create_environment_hook('tb3_custom_world', 'ament_prefix_path')
[0.430s] INFO:colcon.colcon_core.shell:Creating environment hook '/home/priyanshu/ros2_ws_pri/install/tb3_custom_world/share/tb3_custom_world/hook/ament_prefix_path.ps1'
[0.430s] INFO:colcon.colcon_core.shell:Creating environment descriptor '/home/priyanshu/ros2_ws_pri/install/tb3_custom_world/share/tb3_custom_world/hook/ament_prefix_path.dsv'
[0.431s] INFO:colcon.colcon_core.shell:Creating environment hook '/home/priyanshu/ros2_ws_pri/install/tb3_custom_world/share/tb3_custom_world/hook/ament_prefix_path.sh'
[0.431s] INFO:colcon.colcon_core.shell:Skip shell extension 'powershell' for command environment: Not usable outside of PowerShell
[0.431s] DEBUG:colcon.colcon_core.shell:Skip shell extension 'dsv' for command environment
[0.735s] WARNING:colcon.colcon_ros.task.ament_python.build:Package 'color_navigation' doesn't explicitly install a marker in the package index (colcon-ros currently does it implicitly but that fallback will be removed in the future)
[0.736s] WARNING:colcon.colcon_ros.task.ament_python.build:Package 'color_navigation' doesn't explicitly install the 'package.xml' file (colcon-ros currently does it implicitly but that fallback will be removed in the future)
[0.736s] INFO:colcon.colcon_core.task.python.build:Building Python package in '/home/priyanshu/ros2_ws_pri/src/color_navigation'
[0.737s] INFO:colcon.colcon_core.shell:Skip shell extension 'powershell' for command environment: Not usable outside of PowerShell
[0.737s] DEBUG:colcon.colcon_core.shell:Skip shell extension 'dsv' for command environment
[1.025s] INFO:colcon.colcon_core.task.python.build:Building Python package in '/home/priyanshu/ros2_ws_pri/src/tb3_custom_world'
[1.025s] INFO:colcon.colcon_core.shell:Skip shell extension 'powershell' for command environment: Not usable outside of PowerShell
[1.025s] DEBUG:colcon.colcon_core.shell:Skip shell extension 'dsv' for command environment
[1.506s] DEBUG:colcon.colcon_core.event_handler.log_command:Invoking command in '/home/priyanshu/ros2_ws_pri/src/tb3_custom_world': PYTHONPATH=/home/priyanshu/ros2_ws_pri/build/tb3_custom_world/prefix_override:/usr/lib/python3/dist-packages/colcon_core/task/python/colcon_distutils_commands:/home/priyanshu/ros2_ws_pri/install/tb3_custom_world/lib/python3.10/site-packages:${PYTHONPATH} /usr/bin/python3 -W ignore:setup.py install is deprecated -W ignore:easy_install command is deprecated setup.py egg_info --egg-base ../../build/tb3_custom_world build --build-base /home/priyanshu/ros2_ws_pri/build/tb3_custom_world/build install --record /home/priyanshu/ros2_ws_pri/build/tb3_custom_world/install.log --single-version-externally-managed install_data
[1.512s] DEBUG:colcon.colcon_core.event_handler.log_command:Invoking command in '/home/priyanshu/ros2_ws_pri/src/color_navigation': PYTHONPATH=/home/priyanshu/ros2_ws_pri/build/color_navigation/prefix_override:/usr/lib/python3/dist-packages/colcon_core/task/python/colcon_distutils_commands:/home/priyanshu/ros2_ws_pri/install/color_navigation/lib/python3.10/site-packages:${PYTHONPATH} /usr/bin/python3 -W ignore:setup.py install is deprecated -W ignore:easy_install command is deprecated setup.py egg_info --egg-base ../../build/color_navigation build --build-base /home/priyanshu/ros2_ws_pri/build/color_navigation/build install --record /home/priyanshu/ros2_ws_pri/build/color_navigation/install.log --single-version-externally-managed
[1.812s] DEBUG:colcon.colcon_core.event_handler.log_command:Invoked command in '/home/priyanshu/ros2_ws_pri/src/color_navigation' returned '0': PYTHONPATH=/home/priyanshu/ros2_ws_pri/build/color_navigation/prefix_override:/usr/lib/python3/dist-packages/colcon_core/task/python/colcon_distutils_commands:/home/priyanshu/ros2_ws_pri/install/color_navigation/lib/python3.10/site-packages:${PYTHONPATH} /usr/bin/python3 -W ignore:setup.py install is deprecated -W ignore:easy_install command is deprecated setup.py egg_info --egg-base ../../build/color_navigation build --build-base /home/priyanshu/ros2_ws_pri/build/color_navigation/build install --record /home/priyanshu/ros2_ws_pri/build/color_navigation/install.log --single-version-externally-managed
[1.819s] Level 1:colcon.colcon_core.environment:checking '/home/priyanshu/ros2_ws_pri/install/color_navigation' for CMake module files
[1.820s] Level 1:colcon.colcon_core.environment:checking '/home/priyanshu/ros2_ws_pri/install/color_navigation' for CMake config files
[1.821s] Level 1:colcon.colcon_core.environment:checking '/home/priyanshu/ros2_ws_pri/install/color_navigation/lib'
[1.822s] Level 1:colcon.colcon_core.environment:checking '/home/priyanshu/ros2_ws_pri/install/color_navigation/bin'
[1.822s] Level 1:colcon.colcon_core.environment:checking '/home/priyanshu/ros2_ws_pri/install/color_navigation/lib/pkgconfig/color_navigation.pc'
[1.822s] Level 1:colcon.colcon_core.environment:checking '/home/priyanshu/ros2_ws_pri/install/color_navigation/lib/python3.10/site-packages'
[1.822s] Level 1:colcon.colcon_core.shell:create_environment_hook('color_navigation', 'pythonpath')
[1.823s] INFO:colcon.colcon_core.shell:Creating environment hook '/home/priyanshu/ros2_ws_pri/install/color_navigation/share/color_navigation/hook/pythonpath.ps1'
[1.824s] INFO:colcon.colcon_core.shell:Creating environment descriptor '/home/priyanshu/ros2_ws_pri/install/color_navigation/share/color_navigation/hook/pythonpath.dsv'
[1.825s] INFO:colcon.colcon_core.shell:Creating environment hook '/home/priyanshu/ros2_ws_pri/install/color_navigation/share/color_navigation/hook/pythonpath.sh'
[1.826s] Level 1:colcon.colcon_core.environment:checking '/home/priyanshu/ros2_ws_pri/install/color_navigation/bin'
[1.826s] Level 1:colcon.colcon_core.environment:create_environment_scripts_only(color_navigation)
[1.827s] INFO:colcon.colcon_core.shell:Creating package script '/home/priyanshu/ros2_ws_pri/install/color_navigation/share/color_navigation/package.ps1'
[1.830s] INFO:colcon.colcon_core.shell:Creating package descriptor '/home/priyanshu/ros2_ws_pri/install/color_navigation/share/color_navigation/package.dsv'
[1.831s] INFO:colcon.colcon_core.shell:Creating package script '/home/priyanshu/ros2_ws_pri/install/color_navigation/share/color_navigation/package.sh'
[1.833s] INFO:colcon.colcon_core.shell:Creating package script '/home/priyanshu/ros2_ws_pri/install/color_navigation/share/color_navigation/package.bash'
[1.835s] INFO:colcon.colcon_core.shell:Creating package script '/home/priyanshu/ros2_ws_pri/install/color_navigation/share/color_navigation/package.zsh'
[1.837s] Level 1:colcon.colcon_core.environment:create_file_with_runtime_dependencies(/home/priyanshu/ros2_ws_pri/install/color_navigation/share/colcon-core/packages/color_navigation)
[1.840s] Level 1:colcon.colcon_core.environment:checking '/home/priyanshu/ros2_ws_pri/install/tb3_custom_world' for CMake module files
[1.841s] DEBUG:colcon.colcon_core.event_handler.log_command:Invoked command in '/home/priyanshu/ros2_ws_pri/src/tb3_custom_world' returned '0': PYTHONPATH=/home/priyanshu/ros2_ws_pri/build/tb3_custom_world/prefix_override:/usr/lib/python3/dist-packages/colcon_core/task/python/colcon_distutils_commands:/home/priyanshu/ros2_ws_pri/install/tb3_custom_world/lib/python3.10/site-packages:${PYTHONPATH} /usr/bin/python3 -W ignore:setup.py install is deprecated -W ignore:easy_install command is deprecated setup.py egg_info --egg-base ../../build/tb3_custom_world build --build-base /home/priyanshu/ros2_ws_pri/build/tb3_custom_world/build install --record /home/priyanshu/ros2_ws_pri/build/tb3_custom_world/install.log --single-version-externally-managed install_data
[1.841s] Level 1:colcon.colcon_core.environment:checking '/home/priyanshu/ros2_ws_pri/install/tb3_custom_world' for CMake config files
[1.843s] Level 1:colcon.colcon_core.environment:checking '/home/priyanshu/ros2_ws_pri/install/tb3_custom_world/lib'
[1.843s] Level 1:colcon.colcon_core.environment:checking '/home/priyanshu/ros2_ws_pri/install/tb3_custom_world/bin'
[1.843s] Level 1:colcon.colcon_core.environment:checking '/home/priyanshu/ros2_ws_pri/install/tb3_custom_world/lib/pkgconfig/tb3_custom_world.pc'
[1.843s] Level 1:colcon.colcon_core.environment:checking '/home/priyanshu/ros2_ws_pri/install/tb3_custom_world/lib/python3.10/site-packages'
[1.844s] Level 1:colcon.colcon_core.shell:create_environment_hook('tb3_custom_world', 'pythonpath')
[1.844s] INFO:colcon.colcon_core.shell:Creating environment hook '/home/priyanshu/ros2_ws_pri/install/tb3_custom_world/share/tb3_custom_world/hook/pythonpath.ps1'
[1.845s] INFO:colcon.colcon_core.shell:Creating environment descriptor '/home/priyanshu/ros2_ws_pri/install/tb3_custom_world/share/tb3_custom_world/hook/pythonpath.dsv'
[1.846s] INFO:colcon.colcon_core.shell:Creating environment hook '/home/priyanshu/ros2_ws_pri/install/tb3_custom_world/share/tb3_custom_world/hook/pythonpath.sh'
[1.847s] Level 1:colcon.colcon_core.environment:checking '/home/priyanshu/ros2_ws_pri/install/tb3_custom_world/bin'
[1.847s] Level 1:colcon.colcon_core.environment:create_environment_scripts_only(tb3_custom_world)
[1.848s] INFO:colcon.colcon_core.shell:Creating package script '/home/priyanshu/ros2_ws_pri/install/tb3_custom_world/share/tb3_custom_world/package.ps1'
[1.849s] INFO:colcon.colcon_core.shell:Creating package descriptor '/home/priyanshu/ros2_ws_pri/install/tb3_custom_world/share/tb3_custom_world/package.dsv'
[1.850s] INFO:colcon.colcon_core.shell:Creating package script '/home/priyanshu/ros2_ws_pri/install/tb3_custom_world/share/tb3_custom_world/package.sh'
[1.851s] INFO:colcon.colcon_core.shell:Creating package script '/home/priyanshu/ros2_ws_pri/install/tb3_custom_world/share/tb3_custom_world/package.bash'
[1.851s] INFO:colcon.colcon_core.shell:Creating package script '/home/priyanshu/ros2_ws_pri/install/tb3_custom_world/share/tb3_custom_world/package.zsh'
[1.852s] Level 1:colcon.colcon_core.environment:create_file_with_runtime_dependencies(/home/priyanshu/ros2_ws_pri/install/tb3_custom_world/share/colcon-core/packages/tb3_custom_world)
[1.853s] DEBUG:colcon.colcon_parallel_executor.executor.parallel:closing loop
[1.854s] DEBUG:colcon.colcon_parallel_executor.executor.parallel:loop closed
[1.854s] DEBUG:colcon.colcon_parallel_executor.executor.parallel:run_until_complete finished with '0'
[1.854s] DEBUG:colcon.colcon_core.event_reactor:joining thread
[1.868s] INFO:colcon.colcon_core.plugin_system:Skipping extension 'colcon_notification.desktop_notification.terminal_notifier': Not used on non-Darwin systems
[1.868s] INFO:colcon.colcon_core.plugin_system:Skipping extension 'colcon_notification.desktop_notification.win32': Not used on non-Windows systems
[1.868s] INFO:colcon.colcon_notification.desktop_notification:Sending desktop notification using 'notify2'
[1.891s] DEBUG:colcon.colcon_core.event_reactor:joined thread
[1.892s] INFO:colcon.colcon_core.shell:Creating prefix script '/home/priyanshu/ros2_ws_pri/install/local_setup.ps1'
[1.894s] INFO:colcon.colcon_core.shell:Creating prefix util module '/home/priyanshu/ros2_ws_pri/install/_local_setup_util_ps1.py'
[1.898s] INFO:colcon.colcon_core.shell:Creating prefix chain script '/home/priyanshu/ros2_ws_pri/install/setup.ps1'
[1.902s] INFO:colcon.colcon_core.shell:Creating prefix script '/home/priyanshu/ros2_ws_pri/install/local_setup.sh'
[1.904s] INFO:colcon.colcon_core.shell:Creating prefix util module '/home/priyanshu/ros2_ws_pri/install/_local_setup_util_sh.py'
[1.906s] INFO:colcon.colcon_core.shell:Creating prefix chain script '/home/priyanshu/ros2_ws_pri/install/setup.sh'
[1.910s] INFO:colcon.colcon_core.shell:Creating prefix script '/home/priyanshu/ros2_ws_pri/install/local_setup.bash'
[1.911s] INFO:colcon.colcon_core.shell:Creating prefix chain script '/home/priyanshu/ros2_ws_pri/install/setup.bash'
[1.916s] INFO:colcon.colcon_core.shell:Creating prefix script '/home/priyanshu/ros2_ws_pri/install/local_setup.zsh'
[1.917s] INFO:colcon.colcon_core.shell:Creating prefix chain script '/home/priyanshu/ros2_ws_pri/install/setup.zsh'
