running egg_info
writing ../../build/color_navigation/color_navigation.egg-info/PKG-INFO
writing dependency_links to ../../build/color_navigation/color_navigation.egg-info/dependency_links.txt
writing entry points to ../../build/color_navigation/color_navigation.egg-info/entry_points.txt
writing requirements to ../../build/color_navigation/color_navigation.egg-info/requires.txt
writing top-level names to ../../build/color_navigation/color_navigation.egg-info/top_level.txt
reading manifest file '../../build/color_navigation/color_navigation.egg-info/SOURCES.txt'
writing manifest file '../../build/color_navigation/color_navigation.egg-info/SOURCES.txt'
running build
running build_py
copying color_navigation/color_follower.py -> /home/priyanshu/ros2_ws_pri/build/color_navigation/build/lib/color_navigation
copying color_navigation/__init__.py -> /home/priyanshu/ros2_ws_pri/build/color_navigation/build/lib/color_navigation
running install
running install_lib
copying /home/priyanshu/ros2_ws_pri/build/color_navigation/build/lib/color_navigation/color_follower.py -> /home/priyanshu/ros2_ws_pri/install/color_navigation/lib/python3.10/site-packages/color_navigation
copying /home/priyanshu/ros2_ws_pri/build/color_navigation/build/lib/color_navigation/__init__.py -> /home/priyanshu/ros2_ws_pri/install/color_navigation/lib/python3.10/site-packages/color_navigation
byte-compiling /home/priyanshu/ros2_ws_pri/install/color_navigation/lib/python3.10/site-packages/color_navigation/color_follower.py to color_follower.cpython-310.pyc
byte-compiling /home/priyanshu/ros2_ws_pri/install/color_navigation/lib/python3.10/site-packages/color_navigation/__init__.py to __init__.cpython-310.pyc
running install_egg_info
removing '/home/priyanshu/ros2_ws_pri/install/color_navigation/lib/python3.10/site-packages/color_navigation-0.0.0-py3.10.egg-info' (and everything under it)
Copying ../../build/color_navigation/color_navigation.egg-info to /home/priyanshu/ros2_ws_pri/install/color_navigation/lib/python3.10/site-packages/color_navigation-0.0.0-py3.10.egg-info
running install_scripts
Installing color_follower script to /home/priyanshu/ros2_ws_pri/install/color_navigation/lib/color_navigation
writing list of installed files to '/home/priyanshu/ros2_ws_pri/build/color_navigation/install.log'
