[0.965s] Invoking command in '/home/priyanshu/ros2_ws_pri/src/color_navigation': PYTHONPATH=/home/priyanshu/ros2_ws_pri/build/color_navigation/prefix_override:/usr/lib/python3/dist-packages/colcon_core/task/python/colcon_distutils_commands:/home/priyanshu/ros2_ws_pri/install/color_navigation/lib/python3.10/site-packages:${PYTHONPATH} /usr/bin/python3 -W ignore:setup.py install is deprecated -W ignore:easy_install command is deprecated setup.py egg_info --egg-base ../../build/color_navigation build --build-base /home/priyanshu/ros2_ws_pri/build/color_navigation/build install --record /home/priyanshu/ros2_ws_pri/build/color_navigation/install.log --single-version-externally-managed
[1.207s] running egg_info
[1.207s] writing ../../build/color_navigation/color_navigation.egg-info/PKG-INFO
[1.207s] writing dependency_links to ../../build/color_navigation/color_navigation.egg-info/dependency_links.txt
[1.207s] writing entry points to ../../build/color_navigation/color_navigation.egg-info/entry_points.txt
[1.207s] writing requirements to ../../build/color_navigation/color_navigation.egg-info/requires.txt
[1.207s] writing top-level names to ../../build/color_navigation/color_navigation.egg-info/top_level.txt
[1.207s] reading manifest file '../../build/color_navigation/color_navigation.egg-info/SOURCES.txt'
[1.208s] writing manifest file '../../build/color_navigation/color_navigation.egg-info/SOURCES.txt'
[1.208s] running build
[1.208s] running build_py
[1.208s] running install
[1.208s] running install_lib
[1.209s] running install_egg_info
[1.211s] removing '/home/priyanshu/ros2_ws_pri/install/color_navigation/lib/python3.10/site-packages/color_navigation-0.0.0-py3.10.egg-info' (and everything under it)
[1.211s] Copying ../../build/color_navigation/color_navigation.egg-info to /home/priyanshu/ros2_ws_pri/install/color_navigation/lib/python3.10/site-packages/color_navigation-0.0.0-py3.10.egg-info
[1.212s] running install_scripts
[1.231s] Installing color_follower script to /home/priyanshu/ros2_ws_pri/install/color_navigation/lib/color_navigation
[1.231s] writing list of installed files to '/home/priyanshu/ros2_ws_pri/build/color_navigation/install.log'
[1.274s] Invoked command in '/home/priyanshu/ros2_ws_pri/src/color_navigation' returned '0': PYTHONPATH=/home/priyanshu/ros2_ws_pri/build/color_navigation/prefix_override:/usr/lib/python3/dist-packages/colcon_core/task/python/colcon_distutils_commands:/home/priyanshu/ros2_ws_pri/install/color_navigation/lib/python3.10/site-packages:${PYTHONPATH} /usr/bin/python3 -W ignore:setup.py install is deprecated -W ignore:easy_install command is deprecated setup.py egg_info --egg-base ../../build/color_navigation build --build-base /home/priyanshu/ros2_ws_pri/build/color_navigation/build install --record /home/priyanshu/ros2_ws_pri/build/color_navigation/install.log --single-version-externally-managed
