[1.076s] Invoking command in '/home/priyanshu/ros2_ws_pri/src/tb3_custom_world': PYTHONPATH=/home/priyanshu/ros2_ws_pri/build/tb3_custom_world/prefix_override:/usr/lib/python3/dist-packages/colcon_core/task/python/colcon_distutils_commands:/home/priyanshu/ros2_ws_pri/install/tb3_custom_world/lib/python3.10/site-packages:${PYTHONPATH} /usr/bin/python3 -W ignore:setup.py install is deprecated -W ignore:easy_install command is deprecated setup.py egg_info --egg-base ../../build/tb3_custom_world build --build-base /home/priyanshu/ros2_ws_pri/build/tb3_custom_world/build install --record /home/priyanshu/ros2_ws_pri/build/tb3_custom_world/install.log --single-version-externally-managed install_data
[1.317s] running egg_info
[1.318s] creating ../../build/tb3_custom_world/tb3_custom_world.egg-info
[1.318s] writing ../../build/tb3_custom_world/tb3_custom_world.egg-info/PKG-INFO
[1.318s] writing dependency_links to ../../build/tb3_custom_world/tb3_custom_world.egg-info/dependency_links.txt
[1.318s] writing entry points to ../../build/tb3_custom_world/tb3_custom_world.egg-info/entry_points.txt
[1.319s] writing requirements to ../../build/tb3_custom_world/tb3_custom_world.egg-info/requires.txt
[1.319s] writing top-level names to ../../build/tb3_custom_world/tb3_custom_world.egg-info/top_level.txt
[1.319s] writing manifest file '../../build/tb3_custom_world/tb3_custom_world.egg-info/SOURCES.txt'
[1.320s] reading manifest file '../../build/tb3_custom_world/tb3_custom_world.egg-info/SOURCES.txt'
[1.321s] writing manifest file '../../build/tb3_custom_world/tb3_custom_world.egg-info/SOURCES.txt'
[1.321s] running build
[1.321s] running build_py
[1.322s] creating /home/priyanshu/ros2_ws_pri/build/tb3_custom_world/build
[1.322s] creating /home/priyanshu/ros2_ws_pri/build/tb3_custom_world/build/lib
[1.322s] creating /home/priyanshu/ros2_ws_pri/build/tb3_custom_world/build/lib/tb3_custom_world
[1.322s] copying tb3_custom_world/__init__.py -> /home/priyanshu/ros2_ws_pri/build/tb3_custom_world/build/lib/tb3_custom_world
[1.322s] running install
[1.323s] running install_lib
[1.323s] creating /home/priyanshu/ros2_ws_pri/install/tb3_custom_world/lib/python3.10/site-packages/tb3_custom_world
[1.323s] copying /home/priyanshu/ros2_ws_pri/build/tb3_custom_world/build/lib/tb3_custom_world/__init__.py -> /home/priyanshu/ros2_ws_pri/install/tb3_custom_world/lib/python3.10/site-packages/tb3_custom_world
[1.324s] byte-compiling /home/priyanshu/ros2_ws_pri/install/tb3_custom_world/lib/python3.10/site-packages/tb3_custom_world/__init__.py to __init__.cpython-310.pyc
[1.324s] running install_data
[1.324s] creating /home/priyanshu/ros2_ws_pri/install/tb3_custom_world/share/ament_index
[1.324s] creating /home/priyanshu/ros2_ws_pri/install/tb3_custom_world/share/ament_index/resource_index
[1.325s] creating /home/priyanshu/ros2_ws_pri/install/tb3_custom_world/share/ament_index/resource_index/packages
[1.325s] copying resource/tb3_custom_world -> /home/priyanshu/ros2_ws_pri/install/tb3_custom_world/share/ament_index/resource_index/packages
[1.325s] copying package.xml -> /home/priyanshu/ros2_ws_pri/install/tb3_custom_world/share/tb3_custom_world
[1.325s] creating /home/priyanshu/ros2_ws_pri/install/tb3_custom_world/share/tb3_custom_world/launch
[1.325s] copying launch/green_sphere_world.launch.py -> /home/priyanshu/ros2_ws_pri/install/tb3_custom_world/share/tb3_custom_world/launch
[1.326s] creating /home/priyanshu/ros2_ws_pri/install/tb3_custom_world/share/tb3_custom_world/worlds
[1.326s] copying worlds/green_sphere_world.world -> /home/priyanshu/ros2_ws_pri/install/tb3_custom_world/share/tb3_custom_world/worlds
[1.326s] running install_egg_info
[1.327s] Copying ../../build/tb3_custom_world/tb3_custom_world.egg-info to /home/priyanshu/ros2_ws_pri/install/tb3_custom_world/lib/python3.10/site-packages/tb3_custom_world-0.0.0-py3.10.egg-info
[1.327s] running install_scripts
[1.346s] writing list of installed files to '/home/priyanshu/ros2_ws_pri/build/tb3_custom_world/install.log'
[1.411s] Invoked command in '/home/priyanshu/ros2_ws_pri/src/tb3_custom_world' returned '0': PYTHONPATH=/home/priyanshu/ros2_ws_pri/build/tb3_custom_world/prefix_override:/usr/lib/python3/dist-packages/colcon_core/task/python/colcon_distutils_commands:/home/priyanshu/ros2_ws_pri/install/tb3_custom_world/lib/python3.10/site-packages:${PYTHONPATH} /usr/bin/python3 -W ignore:setup.py install is deprecated -W ignore:easy_install command is deprecated setup.py egg_info --egg-base ../../build/tb3_custom_world build --build-base /home/priyanshu/ros2_ws_pri/build/tb3_custom_world/build install --record /home/priyanshu/ros2_ws_pri/build/tb3_custom_world/install.log --single-version-externally-managed install_data
